This is pdfTeX, Version 3.14159265-2.6-1.40.20 (TeX Live 2019/W32TeX) (preloaded format=pdflatex 2020.1.7)  2 APR 2020 09:43
entering extended mode
 restricted \write18 enabled.
 file:line:error style messages enabled.
 %&-line parsing enabled.
**e:/Vy200/Vy200PostionPaper/structure
(e:/Vy200/Vy200PostionPaper/structure.tex
LaTeX2e <2018-12-01>
(d:/download/texlive/2019/texmf-dist/tex/latex/base/report.cls
Document Class: report 2018/09/03 v1.4i Standard LaTeX document class
(d:/download/texlive/2019/texmf-dist/tex/latex/base/size10.clo
File: size10.clo 2018/09/03 v1.4i Standard LaTeX file (size option)
)
\c@part=\count80
\c@chapter=\count81
\c@section=\count82
\c@subsection=\count83
\c@subsubsection=\count84
\c@paragraph=\count85
\c@subparagraph=\count86
\c@figure=\count87
\c@table=\count88
\abovecaptionskip=\skip41
\belowcaptionskip=\skip42
\bibindent=\dimen102
) (./structure.aux (./abstract.tex.aux) (./introduction.tex.aux) (./AFTA.tex.aux) (./AFTO.tex.aux) (./My.aux) (./Conclusion.tex.aux))
\openout1 = `structure.aux'.

LaTeX Font Info:    Checking defaults for OML/cmm/m/it on input line 2.
LaTeX Font Info:    ... okay on input line 2.
LaTeX Font Info:    Checking defaults for T1/cmr/m/n on input line 2.
LaTeX Font Info:    ... okay on input line 2.
LaTeX Font Info:    Checking defaults for OT1/cmr/m/n on input line 2.
LaTeX Font Info:    ... okay on input line 2.
LaTeX Font Info:    Checking defaults for OMS/cmsy/m/n on input line 2.
LaTeX Font Info:    ... okay on input line 2.
LaTeX Font Info:    Checking defaults for OMX/cmex/m/n on input line 2.
LaTeX Font Info:    ... okay on input line 2.
LaTeX Font Info:    Checking defaults for U/cmr/m/n on input line 2.
LaTeX Font Info:    ... okay on input line 2.
LaTeX Font Info:    External font `cmex10' loaded for size
(Font)              <12> on input line 6.
LaTeX Font Info:    External font `cmex10' loaded for size
(Font)              <8> on input line 6.
LaTeX Font Info:    External font `cmex10' loaded for size
(Font)              <6> on input line 6.
 [1

{d:/download/texlive/2019/texmf-var/fonts/map/pdftex/updmap/pdftex.map}] (./structure.toc)
\tf@toc=\write3
\openout3 = `structure.toc'.

 [1

]
Chapter 1.
[2

]
\openout2 = `abstract.tex.aux'.


No file abstract.tex.tex.
Chapter 2.
[3



]
\openout2 = `introduction.tex.aux'.


No file introduction.tex.tex.
Chapter 3.
[4



]
\openout2 = `AFTA.tex.aux'.


No file AFTA.tex.tex.
Chapter 4.
[5



]
\openout2 = `AFTO.tex.aux'.


No file AFTO.tex.tex.
Chapter 5.
[6



]
\openout2 = `My.aux'.


No file My.tex.
[7


]
Chapter 6.
[8

]
\openout2 = `Conclusion.tex.aux'.


No file Conclusion.tex.tex.
(./structure.aux (./abstract.tex.aux) (./introduction.tex.aux) (./AFTA.tex.aux) (./AFTO.tex.aux) (./My.aux) (./Conclusion.tex.aux)) ) 
Here is how much of TeX's memory you used:
 290 strings out of 492623
 3339 string characters out of 6129061
 61771 words of memory out of 5000000
 4244 multiletter control sequences out of 15000+600000
 8195 words of font info for 29 fonts, out of 8000000 for 9000
 1141 hyphenation exceptions out of 8191
 23i,6n,19p,174b,179s stack positions out of 5000i,500n,10000p,200000b,80000s
<d:/download/texlive/2019/texmf-dist/fonts/type1/public/amsfonts/cm/cmbx10.pfb><d:/download/texlive/2019/texmf-dist/fonts/type1/public/amsfonts/cm/cmbx12.pfb><d:/download/texlive/2019/texmf-dist/fonts/type1/public/amsfonts/cm/cmr10.pfb><d:/download/texlive/2019/texmf-dist/fonts/type1/public/amsfonts/cm/cmr12.pfb><d:/download/texlive/2019/texmf-dist/fonts/type1/public/amsfonts/cm/cmr17.pfb>
Output written on structure.pdf (9 pages, 65169 bytes).
PDF statistics:
 54 PDF objects out of 1000 (max. 8388607)
 37 compressed objects within 1 object stream
 0 named destinations out of 1000 (max. 500000)
 1 words of extra memory for PDF output out of 10000 (max. 10000000)

